<?xml version="1.0" encoding="UTF-8"?>
<!-- Generated by org.testng.reporters.JUnitXMLReporter -->
<testsuite ignored="0" hostname="LAPTOP-4RMV6BJP" failures="0" tests="3" name="Test" time="59.949" errors="0" timestamp="2025-12-19T19:50:48 IST">
  <testcase classname="Package2.Project2.TestCase2_LoginAmazonAndSearch" name="loginandsearching" time="10.22">
    <skipped/>
  </testcase> <!-- loginandsearching -->
  <testcase classname="Package2.Project2.TestCase2_LoginAmazonAndSearch" name="loginandsearching" time="28.508"/>
  <testcase classname="Package2.Project2.TestCase1_LoginToAmazon" name="withValidCredentials" time="10.766"/>
</testsuite> <!-- Test -->
