<?xml version="1.0" encoding="UTF-8"?>
<testng-results ignored="0" total="2" passed="2" failed="0" skipped="0">
  <reporter-output>
  </reporter-output>
  <suite started-at="2025-12-18T15:14:16 IST" name="Suite" finished-at="2025-12-18T15:15:15 IST" duration-ms="58669">
    <groups>
    </groups>
    <test started-at="2025-12-18T15:14:16 IST" name="Test" finished-at="2025-12-18T15:15:15 IST" duration-ms="58669">
      <class name="Package2.Project2.TestCase2_LoginAmazonAndSearch">
        <test-method is-config="true" signature="launch(java.lang.String)[pri:0, instance:Package2.Project2.TestCase2_LoginAmazonAndSearch@7714e963]" started-at="2025-12-18T15:14:16 IST" name="launch" finished-at="2025-12-18T15:14:28 IST" duration-ms="11397" status="PASS">
          <params>
            <param index="0">
              <value>
                <![CDATA[firefox]]>
              </value>
            </param>
          </params>
          <reporter-output>
          </reporter-output>
        </test-method> <!-- launch -->
        <test-method signature="loginandsearching()[pri:0, instance:Package2.Project2.TestCase2_LoginAmazonAndSearch@7714e963]" started-at="2025-12-18T15:14:28 IST" name="loginandsearching" finished-at="2025-12-18T15:14:49 IST" duration-ms="21382" status="PASS">
          <reporter-output>
          </reporter-output>
        </test-method> <!-- loginandsearching -->
        <test-method is-config="true" signature="quit()[pri:0, instance:Package2.Project2.TestCase2_LoginAmazonAndSearch@7714e963]" started-at="2025-12-18T15:14:49 IST" name="quit" finished-at="2025-12-18T15:14:52 IST" duration-ms="2592" status="PASS">
          <reporter-output>
          </reporter-output>
        </test-method> <!-- quit -->
      </class> <!-- Package2.Project2.TestCase2_LoginAmazonAndSearch -->
      <class name="Package2.Project2.TestCase1_LoginToAmazon">
        <test-method is-config="true" signature="launch(java.lang.String)[pri:0, instance:Package2.Project2.TestCase1_LoginToAmazon@6379eb]" started-at="2025-12-18T15:14:52 IST" name="launch" finished-at="2025-12-18T15:15:03 IST" duration-ms="11370" status="PASS">
          <params>
            <param index="0">
              <value>
                <![CDATA[firefox]]>
              </value>
            </param>
          </params>
          <reporter-output>
          </reporter-output>
        </test-method> <!-- launch -->
        <test-method signature="withValidCredentials()[pri:0, instance:Package2.Project2.TestCase1_LoginToAmazon@6379eb]" started-at="2025-12-18T15:15:03 IST" name="withValidCredentials" finished-at="2025-12-18T15:15:12 IST" duration-ms="8858" status="PASS">
          <reporter-output>
          </reporter-output>
        </test-method> <!-- withValidCredentials -->
        <test-method is-config="true" signature="quit()[pri:0, instance:Package2.Project2.TestCase1_LoginToAmazon@6379eb]" started-at="2025-12-18T15:15:12 IST" name="quit" finished-at="2025-12-18T15:15:15 IST" duration-ms="3001" status="PASS">
          <reporter-output>
          </reporter-output>
        </test-method> <!-- quit -->
      </class> <!-- Package2.Project2.TestCase1_LoginToAmazon -->
    </test> <!-- Test -->
  </suite> <!-- Suite -->
</testng-results>
