<?xml version="1.0" encoding="UTF-8"?>
<!-- Generated by org.testng.reporters.JUnitReportReporter -->
<testsuite hostname="LAPTOP-4RMV6BJP" failures="0" tests="3" name="Package2.Project2.TestCase2_LoginAmazonAndSearch" time="51.770" errors="0" timestamp="2025-12-19T20:08:05 IST" skipped="2">
  <testcase classname="Package2.Project2.TestCase2_LoginAmazonAndSearch" name="loginandsearching" time="13.795">
    <skipped/>
  </testcase> <!-- loginandsearching -->
  <testcase classname="Package2.Project2.TestCase2_LoginAmazonAndSearch" name="loginandsearching" time="13.353">
    <skipped/>
  </testcase> <!-- loginandsearching -->
  <testcase classname="Package2.Project2.TestCase2_LoginAmazonAndSearch" name="loginandsearching" time="24.622"/>
</testsuite> <!-- Package2.Project2.TestCase2_LoginAmazonAndSearch -->
