<?xml version="1.0" encoding="UTF-8"?>
<!-- Generated by org.testng.reporters.JUnitReportReporter -->
<testsuite hostname="LAPTOP-4RMV6BJP" failures="0" tests="2" name="Package2.Project2.TestCase2_LoginAmazonAndSearch" time="45.883" errors="0" timestamp="2025-12-19T19:50:48 IST" skipped="1">
  <testcase classname="Package2.Project2.TestCase2_LoginAmazonAndSearch" name="loginandsearching" time="30.980"/>
  <testcase classname="Package2.Project2.TestCase2_LoginAmazonAndSearch" name="loginandsearching" time="14.903">
    <skipped/>
  </testcase> <!-- loginandsearching -->
</testsuite> <!-- Package2.Project2.TestCase2_LoginAmazonAndSearch -->
